[2020/07/16 10:24:07] Win Streak 5 Lose Streak 24 | Balance 993.32249046 Profit 893.29782704
[2020/07/16 12:08:41] Win Streak 3 Lose Streak 38 | Balance 1046.07682044 Profit -15.32146605
[2020/07/16 12:19:35] Win Streak 2 Lose Streak 68 | Balance 1093.13472845 Profit 46.62053024
[2020/07/16 12:20:12] Win Streak 1 Lose Streak 52 | Balance 1215.04713996 Profit 122.02572151
[2020/07/16 12:21:10] Win Streak 2 Lose Streak 14 | Balance 1233.33678493 Profit 18.53605497
Withdraw 10.00000000
[2020/07/16 14:24:12] Win Streak 0 Lose Streak 1 | Balance 1013.95617014 Profit -0.0001
[2020/07/16 14:26:09] Win Streak 3 Lose Streak 17 | Balance 1006.06628291 Profit 2.11021277
[2020/07/16 20:44:24] Win Streak 6 Lose Streak 11 | Balance 350.3670744 Profit 0.09184382
[2020/07/16 20:44:52] Win Streak 4 Lose Streak 21 | Balance 350.36719389 Profit 0.09222009
[2020/07/16 21:42:52] Win Streak 5 Lose Streak 13 | Balance 350.41477781 Profit 0.04761981
[2020/07/16 21:42:52] Win Streak 4 Lose Streak 9 | Balance 350.41459459 Profit 0.04753659
[2020/07/16 21:42:52] Win Streak 6 Lose Streak 13 | Balance 350.36705813 Profit 0.09198433
[2020/07/16 21:42:52] Win Streak 3 Lose Streak 9 | Balance 350.41473459 Profit 0.04741981
[2020/07/16 21:42:52] Win Streak 5 Lose Streak 16 | Balance 350.41483459 Profit 0.14001757
[2020/09/27 13:31:43] Win Streak 20 Lose Streak 3 | Balance 5.69145758 Profit 0.43829519
[2020/09/27 13:34:53] Win Streak 22 Lose Streak 3 | Balance 8.52934559 Profit 2.83213669
[2020/09/27 13:36:37] Win Streak 1 Lose Streak 0 | Balance 8.52417084 Profit 0.002344
[2020/09/27 13:36:47] Win Streak 1 Lose Streak 0 | Balance 8.52900081 Profit 0.00234247
[2020/09/27 13:44:17] Win Streak 21 Lose Streak 4 | Balance 7.95772189 Profit 1.58119147
[2020/09/27 13:55:17] Win Streak 25 Lose Streak 4 | Balance 11.36832768 Profit 3.41341296
[2020/09/27 13:56:05] Win Streak 5 Lose Streak 2 | Balance 11.37983405 Profit 0.05401887
[2020/09/27 14:25:00] Win Streak 17 Lose Streak 3 | Balance 12.31777554 Profit 0.93307788
[2020/09/27 14:27:33] Win Streak 12 Lose Streak 3 | Balance 12.66447037 Profit 0.35420733
[2020/09/27 14:31:47] Win Streak 22 Lose Streak 2 | Balance 11.9394464 Profit -0.71744779
[2020/09/27 14:33:58] Win Streak 16 Lose Streak 2 | Balance 12.3808064 Profit 0.40661
[2020/09/27 14:37:29] Win Streak 18 Lose Streak 4 | Balance 17.4016442 Profit 5.5710878
[2020/09/27 14:41:26] Win Streak 35 Lose Streak 3 | Balance 21.22214528 Profit 3.62415158
[2020/09/27 14:43:33] Win Streak 2 Lose Streak 2 | Balance 21.30677663 Profit -0.03513215
[2020/09/27 14:50:27] Win Streak 38 Lose Streak 4 | Balance 18.76466164 Profit -2.5543341
[2020/09/27 14:56:07] Win Streak 13 Lose Streak 1 | Balance 0.98447118 Profit 0.00080845
[2020/09/27 15:11:00] Win Streak 29 Lose Streak 4 | Balance 1.31059585 Profit 0.32585238
[2020/09/27 20:03:07] Win Streak 23 Lose Streak 2 | Balance 1.53199415 Profit 0.04713362
[2020/09/27 20:04:49] Win Streak 15 Lose Streak 2 | Balance 38.41800816 Profit 0.02363078
[2020/09/27 20:49:27] Win Streak 28 Lose Streak 4 | Balance 40.8182572 Profit 2.39876198
[2020/09/27 21:01:54] Win Streak 17 Lose Streak 3 | Balance 34.02776387 Profit -6.79173708
[2020/09/27 21:12:53] Win Streak 13 Lose Streak 2 | Balance 34.02915567 Profit 0.00010162
[2020/09/27 21:23:25] Win Streak 4 Lose Streak 15 | Balance 29.41467425 Profit -4.61516797
[2020/09/27 21:32:49] Win Streak 1 Lose Streak 3 | Balance 3.33369359 Profit 1.70182975
[2020/09/27 21:33:00] Win Streak 3 Lose Streak 4 | Balance 5.92786586 Profit 2.81042163
[2020/09/28 01:22:56] Win Streak 3 Lose Streak 14 | Balance 1000.61221136 Profit -2.82629329
[2020/09/28 01:24:54] Win Streak 6 Lose Streak 16 | Balance 1040.86956194 Profit 40.27123946
[2020/09/28 01:26:38] Win Streak 3 Lose Streak 18 | Balance 815.23083685 Profit -225.65255619
[2020/09/28 01:31:36] Win Streak 4 Lose Streak 16 | Balance 1033.34192634 Profit 218.13419273
[2020/09/28 02:15:46] Win Streak 4 Lose Streak 22 | Balance 1638.06673066 Profit 604.72980432
[2020/09/28 02:33:08] Win Streak 4 Lose Streak 19 | Balance 2273.61161377 Profit 635.54788311
[2020/09/28 12:32:37] Win Streak 2 Lose Streak 17 | Balance 1320.97322456 Profit 320.97023056
[2020/09/28 13:05:23] Win Streak 5 Lose Streak 17 | Balance 2072.28761769 Profit 751.34735924
[2020/09/28 13:44:35] Win Streak 6 Lose Streak 25 | Balance 1593.74811246 Profit -478.53301776
[2020/09/28 13:50:13] Win Streak 7 Lose Streak 12 | Balance 1607.11025802 Profit 13.36514556
[2020/09/28 14:31:24] Win Streak 5 Lose Streak 16 | Balance 1920.88875375 Profit 313.51537944
[2020/09/28 14:40:25] Win Streak 4 Lose Streak 15 | Balance 2024.70408525 Profit 103.58430637
[2020/09/28 16:19:32] Win Streak 4 Lose Streak 15 | Balance 1854.97296898 Profit 854.27488373
